[debug] [2021-06-22T11:50:16.210Z] ----------------------------------------------------------------------
[debug] [2021-06-22T11:50:16.212Z] Command:       /home/emma/.nvm/versions/node/v16.2.0/bin/node /usr/local/bin/firebase deploy
[debug] [2021-06-22T11:50:16.212Z] CLI Version:   9.10.0
[debug] [2021-06-22T11:50:16.212Z] Platform:      linux
[debug] [2021-06-22T11:50:16.212Z] Node Version:  v16.2.0
[debug] [2021-06-22T11:50:16.212Z] Time:          Tue Jun 22 2021 13:50:16 GMT+0200 (heure d’été d’Europe centrale)
[debug] [2021-06-22T11:50:16.213Z] ----------------------------------------------------------------------
[debug] 
[debug] [2021-06-22T11:50:16.217Z] > command requires scopes: ["email","openid","https://www.googleapis.com/auth/cloudplatformprojects.readonly","https://www.googleapis.com/auth/firebase","https://www.googleapis.com/auth/cloud-platform"]
[debug] [2021-06-22T11:50:16.217Z] > authorizing via signed-in user (emmanuelle.zenou.rogala@gmail.com)
[debug] [2021-06-22T11:50:16.217Z] [iam] checking project sportbase-38151 for permissions ["cloudfunctions.functions.create","cloudfunctions.functions.delete","cloudfunctions.functions.get","cloudfunctions.functions.list","cloudfunctions.functions.update","cloudfunctions.operations.get","datastore.indexes.create","datastore.indexes.delete","datastore.indexes.list","datastore.indexes.update","firebase.projects.get","firebasehosting.sites.update","firebaserules.releases.create","firebaserules.releases.update","firebaserules.rulesets.create"]
[debug] [2021-06-22T11:50:16.219Z] > refreshing access token with scopes: ["email","https://www.googleapis.com/auth/cloud-platform","https://www.googleapis.com/auth/cloudplatformprojects.readonly","https://www.googleapis.com/auth/firebase","openid"]
[debug] [2021-06-22T11:50:16.219Z] >>> HTTP REQUEST POST https://www.googleapis.com/oauth2/v3/token  
 <request body omitted>
[debug] [2021-06-22T11:50:16.434Z] <<< HTTP RESPONSE 200 {"pragma":"no-cache","date":"Tue, 22 Jun 2021 11:50:16 GMT","cache-control":"no-cache, no-store, max-age=0, must-revalidate","expires":"Mon, 01 Jan 1990 00:00:00 GMT","content-type":"application/json; charset=utf-8","vary":"X-Origin, Referer, Origin,Accept-Encoding","server":"scaffolding on HTTPServer2","x-xss-protection":"0","x-frame-options":"SAMEORIGIN","x-content-type-options":"nosniff","alt-svc":"h3=\":443\"; ma=2592000,h3-29=\":443\"; ma=2592000,h3-T051=\":443\"; ma=2592000,h3-Q050=\":443\"; ma=2592000,h3-Q046=\":443\"; ma=2592000,h3-Q043=\":443\"; ma=2592000,quic=\":443\"; ma=2592000; v=\"46,43\"","accept-ranges":"none","transfer-encoding":"chunked"}
[debug] [2021-06-22T11:50:16.446Z] >>> HTTP REQUEST POST https://cloudresourcemanager.googleapis.com/v1/projects/sportbase-38151:testIamPermissions  
 {"permissions":["cloudfunctions.functions.create","cloudfunctions.functions.delete","cloudfunctions.functions.get","cloudfunctions.functions.list","cloudfunctions.functions.update","cloudfunctions.operations.get","datastore.indexes.create","datastore.indexes.delete","datastore.indexes.list","datastore.indexes.update","firebase.projects.get","firebasehosting.sites.update","firebaserules.releases.create","firebaserules.releases.update","firebaserules.rulesets.create"]}
[debug] [2021-06-22T11:50:17.143Z] <<< HTTP RESPONSE 200 {"content-type":"application/json; charset=UTF-8","vary":"X-Origin, Referer, Origin,Accept-Encoding","date":"Tue, 22 Jun 2021 11:50:17 GMT","server":"ESF","cache-control":"private","x-xss-protection":"0","x-frame-options":"SAMEORIGIN","x-content-type-options":"nosniff","server-timing":"gfet4t7; dur=556","alt-svc":"h3=\":443\"; ma=2592000,h3-29=\":443\"; ma=2592000,h3-T051=\":443\"; ma=2592000,h3-Q050=\":443\"; ma=2592000,h3-Q046=\":443\"; ma=2592000,h3-Q043=\":443\"; ma=2592000,quic=\":443\"; ma=2592000; v=\"46,43\"","accept-ranges":"none","transfer-encoding":"chunked"}
[debug] [2021-06-22T11:50:17.146Z] >>> HTTP REQUEST POST https://iam.googleapis.com/v1/projects/sportbase-38151/serviceAccounts/sportbase-38151@appspot.gserviceaccount.com:testIamPermissions  
 {"permissions":["iam.serviceAccounts.actAs"]}
[debug] [2021-06-22T11:50:17.860Z] <<< HTTP RESPONSE 200 {"content-type":"application/json; charset=UTF-8","vary":"X-Origin, Referer, Origin,Accept-Encoding","date":"Tue, 22 Jun 2021 11:50:17 GMT","server":"ESF","cache-control":"private","x-xss-protection":"0","x-frame-options":"SAMEORIGIN","x-content-type-options":"nosniff","alt-svc":"h3=\":443\"; ma=2592000,h3-29=\":443\"; ma=2592000,h3-T051=\":443\"; ma=2592000,h3-Q050=\":443\"; ma=2592000,h3-Q046=\":443\"; ma=2592000,h3-Q043=\":443\"; ma=2592000,quic=\":443\"; ma=2592000; v=\"46,43\"","accept-ranges":"none","transfer-encoding":"chunked"}
[debug] [2021-06-22T11:50:17.864Z] > refreshing access token with scopes: []
[debug] [2021-06-22T11:50:17.865Z] >>> HTTP REQUEST POST https://www.googleapis.com/oauth2/v3/token  
 <request body omitted>
[debug] [2021-06-22T11:50:18.067Z] <<< HTTP RESPONSE 200 {"expires":"Mon, 01 Jan 1990 00:00:00 GMT","cache-control":"no-cache, no-store, max-age=0, must-revalidate","date":"Tue, 22 Jun 2021 11:50:18 GMT","pragma":"no-cache","content-type":"application/json; charset=utf-8","vary":"X-Origin, Referer, Origin,Accept-Encoding","server":"scaffolding on HTTPServer2","x-xss-protection":"0","x-frame-options":"SAMEORIGIN","x-content-type-options":"nosniff","alt-svc":"h3=\":443\"; ma=2592000,h3-29=\":443\"; ma=2592000,h3-T051=\":443\"; ma=2592000,h3-Q050=\":443\"; ma=2592000,h3-Q046=\":443\"; ma=2592000,h3-Q043=\":443\"; ma=2592000,quic=\":443\"; ma=2592000; v=\"46,43\"","accept-ranges":"none","transfer-encoding":"chunked"}
[debug] [2021-06-22T11:50:18.081Z] >>> [apiv2][query] GET https://firebase.googleapis.com/v1beta1/projects/sportbase-38151 [none]
[debug] [2021-06-22T11:50:18.388Z] <<< [apiv2][status] GET https://firebase.googleapis.com/v1beta1/projects/sportbase-38151 200
[debug] [2021-06-22T11:50:18.388Z] <<< [apiv2][body] GET https://firebase.googleapis.com/v1beta1/projects/sportbase-38151 {"projectId":"sportbase-38151","projectNumber":"329953458846","displayName":"SportBase","name":"projects/sportbase-38151","resources":{"hostingSite":"sportbase-38151","storageBucket":"sportbase-38151.appspot.com","locationId":"europe-west"},"state":"ACTIVE"}
[info] 
[info] === Deploying to 'sportbase-38151'...
[info] 
[info] i  deploying storage, firestore, functions, hosting 
[info] Running command: npm --prefix "$RESOURCE_DIR" run lint
[info] ✔  functions: Finished running predeploy script. 
[debug] [2021-06-22T11:50:19.830Z] > refreshing access token with scopes: ["email","https://www.googleapis.com/auth/cloud-platform","https://www.googleapis.com/auth/cloudplatformprojects.readonly","https://www.googleapis.com/auth/firebase","openid"]
[debug] [2021-06-22T11:50:19.830Z] >>> HTTP REQUEST POST https://www.googleapis.com/oauth2/v3/token  
 <request body omitted>
[debug] [2021-06-22T11:50:19.945Z] <<< HTTP RESPONSE 200 {"expires":"Mon, 01 Jan 1990 00:00:00 GMT","cache-control":"no-cache, no-store, max-age=0, must-revalidate","date":"Tue, 22 Jun 2021 11:50:19 GMT","pragma":"no-cache","content-type":"application/json; charset=utf-8","vary":"X-Origin, Referer, Origin,Accept-Encoding","server":"scaffolding on HTTPServer2","x-xss-protection":"0","x-frame-options":"SAMEORIGIN","x-content-type-options":"nosniff","alt-svc":"h3=\":443\"; ma=2592000,h3-29=\":443\"; ma=2592000,h3-T051=\":443\"; ma=2592000,h3-Q050=\":443\"; ma=2592000,h3-Q046=\":443\"; ma=2592000,h3-Q043=\":443\"; ma=2592000,quic=\":443\"; ma=2592000; v=\"46,43\"","accept-ranges":"none","transfer-encoding":"chunked"}
[debug] [2021-06-22T11:50:19.956Z] >>> HTTP REQUEST GET https://appengine.googleapis.com/v1/apps/sportbase-38151  
 
[debug] [2021-06-22T11:50:20.243Z] <<< HTTP RESPONSE 200 {"content-type":"application/json; charset=UTF-8","vary":"X-Origin, Referer, Origin,Accept-Encoding","date":"Tue, 22 Jun 2021 11:50:20 GMT","server":"ESF","cache-control":"private","x-xss-protection":"0","x-frame-options":"SAMEORIGIN","x-content-type-options":"nosniff","alt-svc":"h3=\":443\"; ma=2592000,h3-29=\":443\"; ma=2592000,h3-T051=\":443\"; ma=2592000,h3-Q050=\":443\"; ma=2592000,h3-Q046=\":443\"; ma=2592000,h3-Q043=\":443\"; ma=2592000,quic=\":443\"; ma=2592000; v=\"46,43\"","accept-ranges":"none","transfer-encoding":"chunked"}
[info] i  firebase.storage: checking storage.rules for compilation errors... 
[debug] [2021-06-22T11:50:20.247Z] >>> HTTP REQUEST POST https://firebaserules.googleapis.com/v1/projects/sportbase-38151:test  
 {"source":{"files":[{"name":"storage.rules","content":"rules_version = '2';\nservice firebase.storage {\n  match /b/{bucket}/o {\n    match /{allPaths=**} {\n      allow read, write: if request.auth!=null;\n    }\n  }\n}\n"}]}}
[debug] [2021-06-22T11:50:21.136Z] <<< HTTP RESPONSE 200 {"content-type":"application/json; charset=UTF-8","vary":"X-Origin, Referer, Origin,Accept-Encoding","date":"Tue, 22 Jun 2021 11:50:21 GMT","server":"ESF","cache-control":"private","x-xss-protection":"0","x-frame-options":"SAMEORIGIN","x-content-type-options":"nosniff","alt-svc":"h3=\":443\"; ma=2592000,h3-29=\":443\"; ma=2592000,h3-T051=\":443\"; ma=2592000,h3-Q050=\":443\"; ma=2592000,h3-Q046=\":443\"; ma=2592000,h3-Q043=\":443\"; ma=2592000,quic=\":443\"; ma=2592000; v=\"46,43\"","accept-ranges":"none","transfer-encoding":"chunked"}
[info] ✔  firebase.storage: rules file storage.rules compiled successfully 
[info] i  firestore: reading indexes from firestore.indexes.json... 
[info] i  cloud.firestore: checking firestore.rules for compilation errors... 
[debug] [2021-06-22T11:50:21.141Z] >>> HTTP REQUEST POST https://firebaserules.googleapis.com/v1/projects/sportbase-38151:test  
 {"source":{"files":[{"name":"firestore.rules","content":"rules_version = '2';\nservice cloud.firestore {\n  match /databases/{database}/documents {\n    match /{document=**} {\n      allow read, write: if\n          request.time < timestamp.date(2021, 12, 31);\n    }\n  }\n}"}]}}
[debug] [2021-06-22T11:50:21.956Z] <<< HTTP RESPONSE 200 {"content-type":"application/json; charset=UTF-8","vary":"X-Origin, Referer, Origin,Accept-Encoding","date":"Tue, 22 Jun 2021 11:50:21 GMT","server":"ESF","cache-control":"private","x-xss-protection":"0","x-frame-options":"SAMEORIGIN","x-content-type-options":"nosniff","alt-svc":"h3=\":443\"; ma=2592000,h3-29=\":443\"; ma=2592000,h3-T051=\":443\"; ma=2592000,h3-Q050=\":443\"; ma=2592000,h3-Q046=\":443\"; ma=2592000,h3-Q043=\":443\"; ma=2592000,quic=\":443\"; ma=2592000; v=\"46,43\"","accept-ranges":"none","transfer-encoding":"chunked"}
[info] ✔  cloud.firestore: rules file firestore.rules compiled successfully 
[info] i  functions: ensuring required API cloudfunctions.googleapis.com is enabled... 
[info] i  functions: ensuring required API cloudbuild.googleapis.com is enabled... 
[debug] [2021-06-22T11:50:22.384Z] >>> HTTP REQUEST GET https://serviceusage.googleapis.com/v1/projects/sportbase-38151/services/cloudfunctions.googleapis.com  
 
[debug] [2021-06-22T11:50:22.384Z] >>> HTTP REQUEST GET https://serviceusage.googleapis.com/v1/projects/sportbase-38151/services/runtimeconfig.googleapis.com  
 
[debug] [2021-06-22T11:50:22.384Z] >>> HTTP REQUEST GET https://serviceusage.googleapis.com/v1/projects/sportbase-38151/services/cloudbuild.googleapis.com  
 
[debug] [2021-06-22T11:50:23.295Z] <<< HTTP RESPONSE 200 {"content-type":"application/json; charset=UTF-8","vary":"X-Origin, Referer, Origin,Accept-Encoding","date":"Tue, 22 Jun 2021 11:50:23 GMT","server":"ESF","cache-control":"private","x-xss-protection":"0","x-frame-options":"SAMEORIGIN","x-content-type-options":"nosniff","alt-svc":"h3=\":443\"; ma=2592000,h3-29=\":443\"; ma=2592000,h3-T051=\":443\"; ma=2592000,h3-Q050=\":443\"; ma=2592000,h3-Q046=\":443\"; ma=2592000,h3-Q043=\":443\"; ma=2592000,quic=\":443\"; ma=2592000; v=\"46,43\"","accept-ranges":"none","transfer-encoding":"chunked"}
[debug] [2021-06-22T11:50:23.304Z] <<< HTTP RESPONSE 200 {"content-type":"application/json; charset=UTF-8","vary":"X-Origin, Referer, Origin,Accept-Encoding","date":"Tue, 22 Jun 2021 11:50:23 GMT","server":"ESF","cache-control":"private","x-xss-protection":"0","x-frame-options":"SAMEORIGIN","x-content-type-options":"nosniff","alt-svc":"h3=\":443\"; ma=2592000,h3-29=\":443\"; ma=2592000,h3-T051=\":443\"; ma=2592000,h3-Q050=\":443\"; ma=2592000,h3-Q046=\":443\"; ma=2592000,h3-Q043=\":443\"; ma=2592000,quic=\":443\"; ma=2592000; v=\"46,43\"","accept-ranges":"none","transfer-encoding":"chunked"}
[info] ✔  functions: required API cloudbuild.googleapis.com is enabled 
[debug] [2021-06-22T11:50:23.319Z] <<< HTTP RESPONSE 200 {"content-type":"application/json; charset=UTF-8","vary":"X-Origin, Referer, Origin,Accept-Encoding","date":"Tue, 22 Jun 2021 11:50:23 GMT","server":"ESF","cache-control":"private","x-xss-protection":"0","x-frame-options":"SAMEORIGIN","x-content-type-options":"nosniff","alt-svc":"h3=\":443\"; ma=2592000,h3-29=\":443\"; ma=2592000,h3-T051=\":443\"; ma=2592000,h3-Q050=\":443\"; ma=2592000,h3-Q046=\":443\"; ma=2592000,h3-Q043=\":443\"; ma=2592000,quic=\":443\"; ma=2592000; v=\"46,43\"","accept-ranges":"none","transfer-encoding":"chunked"}
[info] ✔  functions: required API cloudfunctions.googleapis.com is enabled 
[debug] [2021-06-22T11:50:23.321Z] >>> HTTP REQUEST GET https://firebase.googleapis.com/v1beta1/projects/sportbase-38151/adminSdkConfig  
 
[debug] [2021-06-22T11:50:23.641Z] <<< HTTP RESPONSE 200 {"content-type":"application/json; charset=UTF-8","vary":"X-Origin, Referer, Origin,Accept-Encoding","date":"Tue, 22 Jun 2021 11:50:23 GMT","server":"ESF","cache-control":"private","x-xss-protection":"0","x-frame-options":"SAMEORIGIN","x-content-type-options":"nosniff","alt-svc":"h3=\":443\"; ma=2592000,h3-29=\":443\"; ma=2592000,h3-T051=\":443\"; ma=2592000,h3-Q050=\":443\"; ma=2592000,h3-Q046=\":443\"; ma=2592000,h3-Q043=\":443\"; ma=2592000,quic=\":443\"; ma=2592000; v=\"46,43\"","accept-ranges":"none","transfer-encoding":"chunked"}
[info] i  functions: preparing functions directory for uploading... 
[debug] [2021-06-22T11:50:23.645Z] >>> HTTP REQUEST GET https://runtimeconfig.googleapis.com/v1beta1/projects/sportbase-38151/configs  
 
[debug] [2021-06-22T11:50:24.321Z] <<< HTTP RESPONSE 200 {"content-type":"application/json; charset=UTF-8","vary":"X-Origin, Referer, Origin,Accept-Encoding","date":"Tue, 22 Jun 2021 11:50:24 GMT","server":"ESF","cache-control":"private","x-xss-protection":"0","x-frame-options":"SAMEORIGIN","x-content-type-options":"nosniff","alt-svc":"h3=\":443\"; ma=2592000,h3-29=\":443\"; ma=2592000,h3-T051=\":443\"; ma=2592000,h3-Q050=\":443\"; ma=2592000,h3-Q046=\":443\"; ma=2592000,h3-Q043=\":443\"; ma=2592000,quic=\":443\"; ma=2592000; v=\"46,43\"","accept-ranges":"none","transfer-encoding":"chunked"}
[debug] [2021-06-22T11:50:24.377Z] > [functions] package.json contents: {
  "name": "functions",
  "description": "Cloud Functions for Firebase",
  "scripts": {
    "lint": "eslint .",
    "serve": "firebase emulators:start --only functions",
    "shell": "firebase functions:shell",
    "start": "npm run shell",
    "deploy": "firebase deploy --only functions",
    "logs": "firebase functions:log"
  },
  "engines": {
    "node": "12"
  },
  "main": "index.js",
  "dependencies": {
    "firebase-admin": "^9.2.0",
    "firebase-functions": "^3.11.0"
  },
  "devDependencies": {
    "eslint": "^7.6.0",
    "eslint-config-google": "^0.14.0",
    "firebase-functions-test": "^0.2.0"
  },
  "private": true
}
[debug] [2021-06-22T11:50:24.378Z] >>> HTTP REQUEST GET https://cloudfunctions.googleapis.com/v1/projects/sportbase-38151/locations/-/functions  
 
[debug] [2021-06-22T11:50:24.871Z] <<< HTTP RESPONSE 200 {"content-type":"application/json; charset=UTF-8","vary":"X-Origin, Referer, Origin,Accept-Encoding","date":"Tue, 22 Jun 2021 11:50:24 GMT","server":"ESF","cache-control":"private","x-xss-protection":"0","x-frame-options":"SAMEORIGIN","x-content-type-options":"nosniff","alt-svc":"h3=\":443\"; ma=2592000,h3-29=\":443\"; ma=2592000,h3-T051=\":443\"; ma=2592000,h3-Q050=\":443\"; ma=2592000,h3-Q046=\":443\"; ma=2592000,h3-Q043=\":443\"; ma=2592000,quic=\":443\"; ma=2592000; v=\"46,43\"","accept-ranges":"none","transfer-encoding":"chunked"}
[debug] [2021-06-22T11:50:24.874Z] >>> HTTP REQUEST POST https://firebasehosting.googleapis.com/v1beta1/sites/sportbase-38151/versions  
 {"config":{"rewrites":[{"glob":"**","path":"/index.html"}]},"labels":{"deployment-tool":"cli-firebase"}}
[debug] [2021-06-22T11:50:26.259Z] <<< HTTP RESPONSE 200 {"content-type":"application/json; charset=UTF-8","vary":"X-Origin, Referer, Origin,Accept-Encoding","date":"Tue, 22 Jun 2021 11:50:26 GMT","server":"ESF","cache-control":"private","x-xss-protection":"0","x-frame-options":"SAMEORIGIN","x-content-type-options":"nosniff","alt-svc":"h3=\":443\"; ma=2592000,h3-29=\":443\"; ma=2592000,h3-T051=\":443\"; ma=2592000,h3-Q050=\":443\"; ma=2592000,h3-Q046=\":443\"; ma=2592000,h3-Q043=\":443\"; ma=2592000,quic=\":443\"; ma=2592000; v=\"46,43\"","accept-ranges":"none","transfer-encoding":"chunked"}
[debug] [2021-06-22T11:50:26.262Z] >>> HTTP REQUEST GET https://firebaserules.googleapis.com/v1/projects/sportbase-38151/releases?pageSize=10&pageToken=  
 
[debug] [2021-06-22T11:50:26.562Z] <<< HTTP RESPONSE 200 {"content-type":"application/json; charset=UTF-8","vary":"X-Origin, Referer, Origin,Accept-Encoding","date":"Tue, 22 Jun 2021 11:50:26 GMT","server":"ESF","cache-control":"private","x-xss-protection":"0","x-frame-options":"SAMEORIGIN","x-content-type-options":"nosniff","alt-svc":"h3=\":443\"; ma=2592000,h3-29=\":443\"; ma=2592000,h3-T051=\":443\"; ma=2592000,h3-Q050=\":443\"; ma=2592000,h3-Q046=\":443\"; ma=2592000,h3-Q043=\":443\"; ma=2592000,quic=\":443\"; ma=2592000; v=\"46,43\"","accept-ranges":"none","transfer-encoding":"chunked"}
[debug] [2021-06-22T11:50:26.563Z] >>> HTTP REQUEST GET https://firebaserules.googleapis.com/v1/projects/sportbase-38151/rulesets/38decd43-5dc9-4ef4-a345-3b6ae91f0603  
 
[debug] [2021-06-22T11:50:27.298Z] <<< HTTP RESPONSE 200 {"content-type":"application/json; charset=UTF-8","vary":"X-Origin, Referer, Origin,Accept-Encoding","date":"Tue, 22 Jun 2021 11:50:27 GMT","server":"ESF","cache-control":"private","x-xss-protection":"0","x-frame-options":"SAMEORIGIN","x-content-type-options":"nosniff","alt-svc":"h3=\":443\"; ma=2592000,h3-29=\":443\"; ma=2592000,h3-T051=\":443\"; ma=2592000,h3-Q050=\":443\"; ma=2592000,h3-Q046=\":443\"; ma=2592000,h3-Q043=\":443\"; ma=2592000,quic=\":443\"; ma=2592000; v=\"46,43\"","accept-ranges":"none","transfer-encoding":"chunked"}
[info] i  storage: uploading rules storage.rules... 
[debug] [2021-06-22T11:50:27.302Z] >>> HTTP REQUEST POST https://firebaserules.googleapis.com/v1/projects/sportbase-38151/rulesets  
 {"source":{"files":[{"name":"storage.rules","content":"rules_version = '2';\nservice firebase.storage {\n  match /b/{bucket}/o {\n    match /{allPaths=**} {\n      allow read, write: if request.auth!=null;\n    }\n  }\n}\n"}]}}
[debug] [2021-06-22T11:50:28.202Z] <<< HTTP RESPONSE 200 {"content-type":"application/json; charset=UTF-8","vary":"X-Origin, Referer, Origin,Accept-Encoding","date":"Tue, 22 Jun 2021 11:50:28 GMT","server":"ESF","cache-control":"private","x-xss-protection":"0","x-frame-options":"SAMEORIGIN","x-content-type-options":"nosniff","alt-svc":"h3=\":443\"; ma=2592000,h3-29=\":443\"; ma=2592000,h3-T051=\":443\"; ma=2592000,h3-Q050=\":443\"; ma=2592000,h3-Q046=\":443\"; ma=2592000,h3-Q043=\":443\"; ma=2592000,quic=\":443\"; ma=2592000; v=\"46,43\"","accept-ranges":"none","transfer-encoding":"chunked"}
[debug] [2021-06-22T11:50:28.203Z] [rules] created ruleset projects/sportbase-38151/rulesets/35d3a285-7a70-4561-8c82-4aecfaed617c
[debug] [2021-06-22T11:50:28.206Z] >>> HTTP REQUEST GET https://firebaserules.googleapis.com/v1/projects/sportbase-38151/releases?pageSize=10&pageToken=  
 
[debug] [2021-06-22T11:50:28.206Z] >>> HTTP REQUEST GET https://firestore.googleapis.com/v1/projects/sportbase-38151/databases/(default)/collectionGroups/-/indexes  
 
[debug] [2021-06-22T11:50:28.407Z] <<< HTTP RESPONSE 200 {"content-type":"application/json; charset=UTF-8","vary":"X-Origin, Referer, Origin,Accept-Encoding","date":"Tue, 22 Jun 2021 11:50:28 GMT","server":"ESF","cache-control":"private","x-xss-protection":"0","x-frame-options":"SAMEORIGIN","x-content-type-options":"nosniff","alt-svc":"h3=\":443\"; ma=2592000,h3-29=\":443\"; ma=2592000,h3-T051=\":443\"; ma=2592000,h3-Q050=\":443\"; ma=2592000,h3-Q046=\":443\"; ma=2592000,h3-Q043=\":443\"; ma=2592000,quic=\":443\"; ma=2592000; v=\"46,43\"","accept-ranges":"none","transfer-encoding":"chunked"}
[debug] [2021-06-22T11:50:28.409Z] >>> HTTP REQUEST GET https://firestore.googleapis.com/v1/projects/sportbase-38151/databases/(default)/collectionGroups/-/fields?filter=indexConfig.usesAncestorConfig=false  
 
[debug] [2021-06-22T11:50:28.426Z] <<< HTTP RESPONSE 200 {"content-type":"application/json; charset=UTF-8","vary":"X-Origin, Referer, Origin,Accept-Encoding","date":"Tue, 22 Jun 2021 11:50:28 GMT","server":"ESF","cache-control":"private","x-xss-protection":"0","x-frame-options":"SAMEORIGIN","x-content-type-options":"nosniff","alt-svc":"h3=\":443\"; ma=2592000,h3-29=\":443\"; ma=2592000,h3-T051=\":443\"; ma=2592000,h3-Q050=\":443\"; ma=2592000,h3-Q046=\":443\"; ma=2592000,h3-Q043=\":443\"; ma=2592000,quic=\":443\"; ma=2592000; v=\"46,43\"","accept-ranges":"none","transfer-encoding":"chunked"}
[debug] [2021-06-22T11:50:28.427Z] >>> HTTP REQUEST GET https://firebaserules.googleapis.com/v1/projects/sportbase-38151/rulesets/71ddab91-6ce2-4d8a-8742-1cc62a17cb1a  
 
[debug] [2021-06-22T11:50:28.614Z] <<< HTTP RESPONSE 200 {"content-type":"application/json; charset=UTF-8","vary":"X-Origin, Referer, Origin,Accept-Encoding","date":"Tue, 22 Jun 2021 11:50:28 GMT","server":"ESF","cache-control":"private","x-xss-protection":"0","x-frame-options":"SAMEORIGIN","x-content-type-options":"nosniff","alt-svc":"h3=\":443\"; ma=2592000,h3-29=\":443\"; ma=2592000,h3-T051=\":443\"; ma=2592000,h3-Q050=\":443\"; ma=2592000,h3-Q046=\":443\"; ma=2592000,h3-Q043=\":443\"; ma=2592000,quic=\":443\"; ma=2592000; v=\"46,43\"","accept-ranges":"none","transfer-encoding":"chunked"}
[info] ✔  firestore: deployed indexes in firestore.indexes.json successfully 
[debug] [2021-06-22T11:50:29.124Z] <<< HTTP RESPONSE 200 {"content-type":"application/json; charset=UTF-8","vary":"X-Origin, Referer, Origin,Accept-Encoding","date":"Tue, 22 Jun 2021 11:50:29 GMT","server":"ESF","cache-control":"private","x-xss-protection":"0","x-frame-options":"SAMEORIGIN","x-content-type-options":"nosniff","alt-svc":"h3=\":443\"; ma=2592000,h3-29=\":443\"; ma=2592000,h3-T051=\":443\"; ma=2592000,h3-Q050=\":443\"; ma=2592000,h3-Q046=\":443\"; ma=2592000,h3-Q043=\":443\"; ma=2592000,quic=\":443\"; ma=2592000; v=\"46,43\"","accept-ranges":"none","transfer-encoding":"chunked"}
[info] i  firestore: latest version of firestore.rules already up to date, skipping upload... 
[info] i  hosting[sportbase-38151]: beginning deploy... 
[info] i  hosting[sportbase-38151]: found 2 files in public 
[debug] [2021-06-22T11:50:29.131Z] [hosting] hash cache [cHVibGlj] not populated
[debug] [2021-06-22T11:50:29.135Z] > refreshing access token with scopes: []
[debug] [2021-06-22T11:50:29.136Z] >>> HTTP REQUEST POST https://www.googleapis.com/oauth2/v3/token  
 <request body omitted>
[debug] [2021-06-22T11:50:29.137Z] [hosting] hash cache [cHVibGlj] stored for 2 files
[debug] [2021-06-22T11:50:29.137Z] [hosting][hash queue][FINAL] {"max":3,"min":2,"avg":2.5,"active":0,"complete":2,"success":2,"errored":0,"retried":0,"total":2,"elapsed":6}
[debug] [2021-06-22T11:50:29.275Z] <<< HTTP RESPONSE 200 {"pragma":"no-cache","date":"Tue, 22 Jun 2021 11:50:29 GMT","cache-control":"no-cache, no-store, max-age=0, must-revalidate","expires":"Mon, 01 Jan 1990 00:00:00 GMT","content-type":"application/json; charset=utf-8","vary":"X-Origin, Referer, Origin,Accept-Encoding","server":"scaffolding on HTTPServer2","x-xss-protection":"0","x-frame-options":"SAMEORIGIN","x-content-type-options":"nosniff","alt-svc":"h3=\":443\"; ma=2592000,h3-29=\":443\"; ma=2592000,h3-T051=\":443\"; ma=2592000,h3-Q050=\":443\"; ma=2592000,h3-Q046=\":443\"; ma=2592000,h3-Q043=\":443\"; ma=2592000,quic=\":443\"; ma=2592000; v=\"46,43\"","accept-ranges":"none","transfer-encoding":"chunked"}
[debug] [2021-06-22T11:50:29.284Z] >>> [apiv2][query] POST https://firebasehosting.googleapis.com/v1beta1/sites/sportbase-38151/versions/f18f2b109990521b:populateFiles [none]
[debug] [2021-06-22T11:50:29.285Z] >>> [apiv2][body] POST https://firebasehosting.googleapis.com/v1beta1/sites/sportbase-38151/versions/f18f2b109990521b:populateFiles {"files":{"/index.html":"f59d764555f98f16495d960c420e668b49736b0710fc6f97a2bb63f9311272cf","/favicon.ico":"e0535b2041a7a1721cdec785c903980d41fdf0d810a4ea9726b6ffd1371bbc28"}}
[debug] [2021-06-22T11:50:30.305Z] <<< [apiv2][status] POST https://firebasehosting.googleapis.com/v1beta1/sites/sportbase-38151/versions/f18f2b109990521b:populateFiles 200
[debug] [2021-06-22T11:50:30.305Z] <<< [apiv2][body] POST https://firebasehosting.googleapis.com/v1beta1/sites/sportbase-38151/versions/f18f2b109990521b:populateFiles {"uploadRequiredHashes":["e0535b2041a7a1721cdec785c903980d41fdf0d810a4ea9726b6ffd1371bbc28","f59d764555f98f16495d960c420e668b49736b0710fc6f97a2bb63f9311272cf"],"uploadUrl":"https://upload-firebasehosting.googleapis.com/upload/sites/sportbase-38151/versions/f18f2b109990521b/files"}
[debug] [2021-06-22T11:50:30.309Z] >>> [apiv2][query] POST https://upload-firebasehosting.googleapis.com/upload/sites/sportbase-38151/versions/f18f2b109990521b/files/e0535b2041a7a1721cdec785c903980d41fdf0d810a4ea9726b6ffd1371bbc28 [none]
[debug] [2021-06-22T11:50:30.309Z] >>> [apiv2][body] POST https://upload-firebasehosting.googleapis.com/upload/sites/sportbase-38151/versions/f18f2b109990521b/files/e0535b2041a7a1721cdec785c903980d41fdf0d810a4ea9726b6ffd1371bbc28 [stream]
[debug] [2021-06-22T11:50:30.313Z] >>> [apiv2][query] POST https://upload-firebasehosting.googleapis.com/upload/sites/sportbase-38151/versions/f18f2b109990521b/files/f59d764555f98f16495d960c420e668b49736b0710fc6f97a2bb63f9311272cf [none]
[debug] [2021-06-22T11:50:30.313Z] >>> [apiv2][body] POST https://upload-firebasehosting.googleapis.com/upload/sites/sportbase-38151/versions/f18f2b109990521b/files/f59d764555f98f16495d960c420e668b49736b0710fc6f97a2bb63f9311272cf [stream]
[debug] [2021-06-22T11:50:30.316Z] [hosting][populate queue][FINAL] {"max":1174,"min":1174,"avg":1174,"active":0,"complete":1,"success":1,"errored":0,"retried":0,"total":1,"elapsed":1181}
[debug] [2021-06-22T11:50:30.316Z] [hosting] uploads queued: 2
[debug] [2021-06-22T11:50:31.377Z] <<< [apiv2][status] POST https://upload-firebasehosting.googleapis.com/upload/sites/sportbase-38151/versions/f18f2b109990521b/files/e0535b2041a7a1721cdec785c903980d41fdf0d810a4ea9726b6ffd1371bbc28 200
[debug] [2021-06-22T11:50:31.378Z] <<< [apiv2][body] POST https://upload-firebasehosting.googleapis.com/upload/sites/sportbase-38151/versions/f18f2b109990521b/files/e0535b2041a7a1721cdec785c903980d41fdf0d810a4ea9726b6ffd1371bbc28 [stream]
[debug] [2021-06-22T11:50:31.992Z] <<< [apiv2][status] POST https://upload-firebasehosting.googleapis.com/upload/sites/sportbase-38151/versions/f18f2b109990521b/files/f59d764555f98f16495d960c420e668b49736b0710fc6f97a2bb63f9311272cf 200
[debug] [2021-06-22T11:50:31.992Z] <<< [apiv2][body] POST https://upload-firebasehosting.googleapis.com/upload/sites/sportbase-38151/versions/f18f2b109990521b/files/f59d764555f98f16495d960c420e668b49736b0710fc6f97a2bb63f9311272cf [stream]
[debug] [2021-06-22T11:50:31.993Z] [hosting][upload queue][FINAL] {"max":1685,"min":1072,"avg":1378.5,"active":0,"complete":2,"success":2,"errored":0,"retried":0,"total":2,"elapsed":1687}
[info] ✔  hosting[sportbase-38151]: file upload complete 
[debug] [2021-06-22T11:50:31.994Z] [hosting] deploy completed after 2868ms
[debug] [2021-06-22T11:50:31.996Z] [rules] releasing firebase.storage/sportbase-38151.appspot.com with ruleset projects/sportbase-38151/rulesets/35d3a285-7a70-4561-8c82-4aecfaed617c
[debug] [2021-06-22T11:50:31.996Z] > refreshing access token with scopes: ["email","https://www.googleapis.com/auth/cloud-platform","https://www.googleapis.com/auth/cloudplatformprojects.readonly","https://www.googleapis.com/auth/firebase","openid"]
[debug] [2021-06-22T11:50:31.996Z] >>> HTTP REQUEST POST https://www.googleapis.com/oauth2/v3/token  
 <request body omitted>
[debug] [2021-06-22T11:50:32.095Z] <<< HTTP RESPONSE 200 {"date":"Tue, 22 Jun 2021 11:50:32 GMT","cache-control":"no-cache, no-store, max-age=0, must-revalidate","expires":"Mon, 01 Jan 1990 00:00:00 GMT","pragma":"no-cache","content-type":"application/json; charset=utf-8","vary":"X-Origin, Referer, Origin,Accept-Encoding","server":"scaffolding on HTTPServer2","x-xss-protection":"0","x-frame-options":"SAMEORIGIN","x-content-type-options":"nosniff","alt-svc":"h3=\":443\"; ma=2592000,h3-29=\":443\"; ma=2592000,h3-T051=\":443\"; ma=2592000,h3-Q050=\":443\"; ma=2592000,h3-Q046=\":443\"; ma=2592000,h3-Q043=\":443\"; ma=2592000,quic=\":443\"; ma=2592000; v=\"46,43\"","accept-ranges":"none","transfer-encoding":"chunked"}
[debug] [2021-06-22T11:50:32.105Z] >>> HTTP REQUEST PATCH https://firebaserules.googleapis.com/v1/projects/sportbase-38151/releases/firebase.storage/sportbase-38151.appspot.com  
 {"release":{"name":"projects/sportbase-38151/releases/firebase.storage/sportbase-38151.appspot.com","rulesetName":"projects/sportbase-38151/rulesets/35d3a285-7a70-4561-8c82-4aecfaed617c"}}
[debug] [2021-06-22T11:50:33.119Z] <<< HTTP RESPONSE 200 {"content-type":"application/json; charset=UTF-8","vary":"X-Origin, Referer, Origin,Accept-Encoding","date":"Tue, 22 Jun 2021 11:50:32 GMT","server":"ESF","cache-control":"private","x-xss-protection":"0","x-frame-options":"SAMEORIGIN","x-content-type-options":"nosniff","alt-svc":"h3=\":443\"; ma=2592000,h3-29=\":443\"; ma=2592000,h3-T051=\":443\"; ma=2592000,h3-Q050=\":443\"; ma=2592000,h3-Q046=\":443\"; ma=2592000,h3-Q043=\":443\"; ma=2592000,quic=\":443\"; ma=2592000; v=\"46,43\"","accept-ranges":"none","transfer-encoding":"chunked"}
[debug] [2021-06-22T11:50:33.119Z] [rules] updated release projects/sportbase-38151/releases/firebase.storage/sportbase-38151.appspot.com
[info] ✔  storage: released rules storage.rules to firebase.storage 
[debug] [2021-06-22T11:50:33.121Z] [rules] releasing cloud.firestore with ruleset projects/sportbase-38151/rulesets/71ddab91-6ce2-4d8a-8742-1cc62a17cb1a
[debug] [2021-06-22T11:50:33.121Z] >>> HTTP REQUEST PATCH https://firebaserules.googleapis.com/v1/projects/sportbase-38151/releases/cloud.firestore  
 {"release":{"name":"projects/sportbase-38151/releases/cloud.firestore","rulesetName":"projects/sportbase-38151/rulesets/71ddab91-6ce2-4d8a-8742-1cc62a17cb1a"}}
[debug] [2021-06-22T11:50:34.038Z] <<< HTTP RESPONSE 200 {"content-type":"application/json; charset=UTF-8","vary":"X-Origin, Referer, Origin,Accept-Encoding","date":"Tue, 22 Jun 2021 11:50:33 GMT","server":"ESF","cache-control":"private","x-xss-protection":"0","x-frame-options":"SAMEORIGIN","x-content-type-options":"nosniff","alt-svc":"h3=\":443\"; ma=2592000,h3-29=\":443\"; ma=2592000,h3-T051=\":443\"; ma=2592000,h3-Q050=\":443\"; ma=2592000,h3-Q046=\":443\"; ma=2592000,h3-Q043=\":443\"; ma=2592000,quic=\":443\"; ma=2592000; v=\"46,43\"","accept-ranges":"none","transfer-encoding":"chunked"}
[debug] [2021-06-22T11:50:34.039Z] [rules] updated release projects/sportbase-38151/releases/cloud.firestore
[info] ✔  firestore: released rules firestore.rules to cloud.firestore 
[info] 
The following functions are found in your project but do not exist in your local source code:
	getAllUsers(europe-west1)
	getFitData(europe-west1)
	nuxtssr(us-central1)

If you are renaming a function or changing its region, it is recommended that you create the new function first before deleting the old one to prevent event loss. For more info, visit https://firebase.google.com/docs/functions/manage-functions#modify

[info] i  functions: continuing with other deployments. 
[debug] [2021-06-22T11:50:58.410Z] Total Function Deployment time: 1624362658410
[debug] [2021-06-22T11:50:58.410Z] 0 Functions Deployed
[debug] [2021-06-22T11:50:58.410Z] 0 Functions Errored
[debug] [2021-06-22T11:50:58.410Z] Average Function Deployment time: 0
[debug] [2021-06-22T11:50:58.411Z] [
  {
    "config": {
      "site": "sportbase-38151",
      "public": "public",
      "ignore": [
        "firebase.json",
        "**/.*",
        "**/node_modules/**"
      ],
      "rewrites": [
        {
          "source": "**",
          "destination": "/index.html"
        }
      ]
    },
    "site": "sportbase-38151",
    "version": "sites/sportbase-38151/versions/f18f2b109990521b"
  }
]
[info] i  hosting[sportbase-38151]: finalizing version... 
[debug] [2021-06-22T11:50:58.411Z] >>> HTTP REQUEST GET https://cloudfunctions.googleapis.com/v1/projects/sportbase-38151/locations/-/functions  
 
[debug] [2021-06-22T11:50:58.412Z] >>> HTTP REQUEST PATCH https://firebasehosting.googleapis.com/v1beta1/sites/sportbase-38151/versions/f18f2b109990521b?updateMask=status  
 {"status":"FINALIZED"}
[debug] [2021-06-22T12:09:37.491Z] ----------------------------------------------------------------------
[debug] [2021-06-22T12:09:37.492Z] Command:       /home/emma/.nvm/versions/node/v16.2.0/bin/node /usr/local/bin/firebase deploy
[debug] [2021-06-22T12:09:37.492Z] CLI Version:   9.10.0
[debug] [2021-06-22T12:09:37.492Z] Platform:      linux
[debug] [2021-06-22T12:09:37.493Z] Node Version:  v16.2.0
[debug] [2021-06-22T12:09:37.493Z] Time:          Tue Jun 22 2021 14:09:37 GMT+0200 (heure d’été d’Europe centrale)
[debug] [2021-06-22T12:09:37.493Z] ----------------------------------------------------------------------
[debug] 
[debug] [2021-06-22T12:09:37.497Z] > command requires scopes: ["email","openid","https://www.googleapis.com/auth/cloudplatformprojects.readonly","https://www.googleapis.com/auth/firebase","https://www.googleapis.com/auth/cloud-platform"]
[debug] [2021-06-22T12:09:37.498Z] > authorizing via signed-in user (emmanuelle.zenou.rogala@gmail.com)
[debug] [2021-06-22T12:09:37.498Z] [iam] checking project sportbase-38151 for permissions ["cloudfunctions.functions.create","cloudfunctions.functions.delete","cloudfunctions.functions.get","cloudfunctions.functions.list","cloudfunctions.functions.update","cloudfunctions.operations.get","datastore.indexes.create","datastore.indexes.delete","datastore.indexes.list","datastore.indexes.update","firebase.projects.get","firebasehosting.sites.update","firebaserules.releases.create","firebaserules.releases.update","firebaserules.rulesets.create"]
[debug] [2021-06-22T12:09:37.499Z] >>> HTTP REQUEST POST https://cloudresourcemanager.googleapis.com/v1/projects/sportbase-38151:testIamPermissions  
 {"permissions":["cloudfunctions.functions.create","cloudfunctions.functions.delete","cloudfunctions.functions.get","cloudfunctions.functions.list","cloudfunctions.functions.update","cloudfunctions.operations.get","datastore.indexes.create","datastore.indexes.delete","datastore.indexes.list","datastore.indexes.update","firebase.projects.get","firebasehosting.sites.update","firebaserules.releases.create","firebaserules.releases.update","firebaserules.rulesets.create"]}
[debug] [2021-06-22T12:09:39.308Z] <<< HTTP RESPONSE 200 {"content-type":"application/json; charset=UTF-8","vary":"X-Origin, Referer, Origin,Accept-Encoding","date":"Tue, 22 Jun 2021 12:09:38 GMT","server":"ESF","cache-control":"private","x-xss-protection":"0","x-frame-options":"SAMEORIGIN","x-content-type-options":"nosniff","server-timing":"gfet4t7; dur=547","alt-svc":"h3=\":443\"; ma=2592000,h3-29=\":443\"; ma=2592000,h3-T051=\":443\"; ma=2592000,h3-Q050=\":443\"; ma=2592000,h3-Q046=\":443\"; ma=2592000,h3-Q043=\":443\"; ma=2592000,quic=\":443\"; ma=2592000; v=\"46,43\"","accept-ranges":"none","transfer-encoding":"chunked"}
[debug] [2021-06-22T12:09:39.313Z] >>> HTTP REQUEST POST https://iam.googleapis.com/v1/projects/sportbase-38151/serviceAccounts/sportbase-38151@appspot.gserviceaccount.com:testIamPermissions  
 {"permissions":["iam.serviceAccounts.actAs"]}
[debug] [2021-06-22T12:09:41.453Z] <<< HTTP RESPONSE 200 {"content-type":"application/json; charset=UTF-8","vary":"X-Origin, Referer, Origin,Accept-Encoding","date":"Tue, 22 Jun 2021 12:09:39 GMT","server":"ESF","cache-control":"private","x-xss-protection":"0","x-frame-options":"SAMEORIGIN","x-content-type-options":"nosniff","alt-svc":"h3=\":443\"; ma=2592000,h3-29=\":443\"; ma=2592000,h3-T051=\":443\"; ma=2592000,h3-Q050=\":443\"; ma=2592000,h3-Q046=\":443\"; ma=2592000,h3-Q043=\":443\"; ma=2592000,quic=\":443\"; ma=2592000; v=\"46,43\"","accept-ranges":"none","transfer-encoding":"chunked"}
[debug] [2021-06-22T12:09:41.457Z] > refreshing access token with scopes: []
[debug] [2021-06-22T12:09:41.457Z] >>> HTTP REQUEST POST https://www.googleapis.com/oauth2/v3/token  
 <request body omitted>
